<?xml version="1.0" encoding="UTF-8"?>
<!-- Generated by org.testng.reporters.JUnitReportReporter -->
<testsuite hostname="DESKTOP-A71PO2S" failures="0" tests="1" name="com.testing.playwright.PlaywrightInspector" time="64.458" errors="1" timestamp="2022-04-05T16:01:11 IST" skipped="0">
  <testcase classname="com.testing.playwright.PlaywrightInspector" name="lenskartLogin" time="64.458">
    <error message="Error {
  message=&#039;Timeout 30000ms exceeded.
=========================== logs ===========================
waiting for selector &quot;text=OKAY&quot;
  selector resolved to visible &lt;button class=&quot;ok-btn padding-5 fs14 letter-spacing-1 bg…&gt;OKAY&lt;/button&gt;
attempting hover action
  waiting for element to be visible and stable
  element is visible and stable
  scrolling into view if needed
  done scrolling
  performing hover action
  &lt;html lang=&quot;en-US&quot; data-reactroot=&quot;&quot; class=&quot; datauri d…&gt;…&lt;/html&gt; intercepts pointer events
retrying hover action, attempt #1
  waiting for element to be visible and stable
  element is visible and stable
  scrolling into view if needed
  done scrolling
  performing hover action
  &lt;html lang=&quot;en-US&quot; data-reactroot=&quot;&quot; class=&quot; datauri d…&gt;…&lt;/html&gt; intercepts pointer events
retrying hover action, attempt #2
  waiting 20ms
  waiting for element to be visible and stable
  element is visible and stable
  scrolling into view if needed
  done scrolling
  performing hover action
  &lt;html lang=&quot;en-US&quot; data-reactroot=&quot;&quot; class=&quot; datauri d…&gt;…&lt;/html&gt; intercepts pointer events
retrying hover action, attempt #3
  waiting 100ms
  waiting for element to be visible and stable
  element is visible and stable
  scrolling into view if needed
  done scrolling
  performing hover action
  &lt;html lang=&quot;en-US&quot; data-reactroot=&quot;&quot; class=&quot; datauri d…&gt;…&lt;/html&gt; intercepts pointer events
retrying hover action, attempt #4
  waiting 100ms
  waiting for element to be visible and stable
  element is visible and stable
  scrolling into view if needed
  done scrolling
  performing hover action
  &lt;html lang=&quot;en-US&quot; data-reactroot=&quot;&quot; class=&quot; datauri d…&gt;…&lt;/html&gt; intercepts pointer events
retrying hover action, attempt #5
  waiting 500ms
  waiting for element to be visible and stable
  element is visible and stable
  scrolling into view if needed
  done scrolling
  performing hover action
  &lt;html lang=&quot;en-US&quot; data-reactroot=&quot;&quot; class=&quot; datauri d…&gt;…&lt;/html&gt; intercepts pointer events
retrying hover action, attempt #6
  waiting 500ms
  waiting for element to be visible and stable
  element is visible and stable
  scrolling into view if needed
  done scrolling
  performing hover action
  &lt;html lang=&quot;en-US&quot; data-reactroot=&quot;&quot; class=&quot; datauri d…&gt;…&lt;/html&gt; intercepts pointer events
retrying hover action, attempt #7
  waiting 500ms
  waiting for element to be visible and stable
  element is visible and stable
  scrolling into view if needed
  done scrolling
  performing hover action
  &lt;html lang=&quot;en-US&quot; data-reactroot=&quot;&quot; class=&quot; datauri d…&gt;…&lt;/html&gt; intercepts pointer events
retrying hover action, attempt #8
  waiting 500ms
  waiting for element to be visible and stable
  element is visible and stable
  scrolling into view if needed
  done scrolling
  performing hover action
  &lt;html lang=&quot;en-US&quot; data-reactroot=&quot;&quot; class=&quot; datauri d…&gt;…&lt;/html&gt; intercepts pointer events
retrying hover action, attempt #9
  waiting 500ms
  waiting for element to be visible and stable
  element is visible and stable
  scrolling into view if needed
  done scrolling
  performing hover action
  &lt;html lang=&quot;en-US&quot; data-reactroot=&quot;&quot; class=&quot; datauri d…&gt;…&lt;/html&gt; intercepts pointer events
retrying hover action, attempt #10
  waiting 500ms
  waiting for element to be visible and stable
  element is visible and stable
  scrolling into view if needed
  done scrolling
  performing hover action
  &lt;html lang=&quot;en-US&quot; data-reactroot=&quot;&quot; class=&quot; datauri d…&gt;…&lt;/html&gt; intercepts pointer events
retrying hover action, attempt #11
  waiting 500ms
  waiting for element to be visible and stable
  element is visible and stable
  scrolling into view if needed
  done scrolling
  performing hover action
  &lt;html lang=&quot;en-US&quot; data-reactroot=&quot;&quot; class=&quot; datauri d…&gt;…&lt;/html&gt; intercepts pointer events
retrying hover action, attempt #12
  waiting 500ms
  waiting for element to be visible and stable
  element is visible and stable
  scrolling into view if needed
  done scrolling
  performing hover action
  &lt;html lang=&quot;en-US&quot; data-reactroot=&quot;&quot; class=&quot; datauri d…&gt;…&lt;/html&gt; intercepts pointer events
retrying hover action, attempt #13
  waiting 500ms
  waiting for element to be visible and stable
  element is visible and stable
  scrolling into view if needed
  done scrolling
  performing hover action
  &lt;html lang=&quot;en-US&quot; data-reactroot=&quot;&quot; class=&quot; datauri d…&gt;…&lt;/html&gt; intercepts pointer events
retrying hover action, attempt #14
  waiting 500ms
  waiting for element to be visible and stable
  element is visible and stable
  scrolling into view if needed
  done scrolling
  performing hover action
  &lt;html lang=&quot;en-US&quot; data-reactroot=&quot;&quot; class=&quot; datauri d…&gt;…&lt;/html&gt; intercepts pointer events
retrying hover action, attempt #15
  waiting 500ms
  waiting for element to be visible and stable
  element is visible and stable
  scrolling into view if needed
  done scrolling
  performing hover action
  &lt;html lang=&quot;en-US&quot; data-reactroot=&quot;&quot; class=&quot; datauri d…&gt;…&lt;/html&gt; intercepts pointer events
retrying hover action, attempt #16
  waiting 500ms
  waiting for element to be visible and stable
  element is visible and stable
  scrolling into view if needed
  done scrolling
  performing hover action
  &lt;html lang=&quot;en-US&quot; data-reactroot=&quot;&quot; class=&quot; datauri d…&gt;…&lt;/html&gt; intercepts pointer events
retrying hover action, attempt #17
  waiting 500ms
  waiting for element to be visible and stable
  element is visible and stable
  scrolling into view if needed
  done scrolling
  performing hover action
  &lt;html lang=&quot;en-US&quot; data-reactroot=&quot;&quot; class=&quot; datauri d…&gt;…&lt;/html&gt; intercepts pointer events
retrying hover action, attempt #18
  waiting 500ms
  waiting for element to be visible and stable
  element is visible and stable
  scrolling into view if needed
  done scrolling
  performing hover action
  &lt;html lang=&quot;en-US&quot; data-reactroot=&quot;&quot; class=&quot; datauri d…&gt;…&lt;/html&gt; intercepts pointer events
retrying hover action, attempt #19
  waiting 500ms
  waiting for element to be visible and stable
  element is visible and stable
  scrolling into view if needed
  done scrolling
  performing hover action
  &lt;html lang=&quot;en-US&quot; data-reactroot=&quot;&quot; class=&quot; datauri d…&gt;…&lt;/html&gt; intercepts pointer events
retrying hover action, attempt #20
  waiting 500ms
  waiting for element to be visible and stable
  element is visible and stable
  scrolling into view if needed
  done scrolling
  performing hover action
  &lt;html lang=&quot;en-US&quot; data-reactroot=&quot;&quot; class=&quot; datauri d…&gt;…&lt;/html&gt; intercepts pointer events
retrying hover action, attempt #21
  waiting 500ms
  waiting for element to be visible and stable
  element is visible and stable
  scrolling into view if needed
  done scrolling
  performing hover action
  &lt;html lang=&quot;en-US&quot; data-reactroot=&quot;&quot; class=&quot; datauri d…&gt;…&lt;/html&gt; intercepts pointer events
retrying hover action, attempt #22
  waiting 500ms
  waiting for element to be visible and stable
  element is visible and stable
  scrolling into view if needed
  done scrolling
  performing hover action
  &lt;html lang=&quot;en-US&quot; data-reactroot=&quot;&quot; class=&quot; datauri d…&gt;…&lt;/html&gt; intercepts pointer events
retrying hover action, attempt #23
  waiting 500ms
  waiting for element to be visible and stable
  element is visible and stable
  scrolling into view if needed
  done scrolling
  performing hover action
  &lt;html lang=&quot;en-US&quot; data-reactroot=&quot;&quot; class=&quot; datauri d…&gt;…&lt;/html&gt; intercepts pointer events
retrying hover action, attempt #24
  waiting 500ms
  waiting for element to be visible and stable
  element is visible and stable
  scrolling into view if needed
  done scrolling
  performing hover action
  &lt;html lang=&quot;en-US&quot; data-reactroot=&quot;&quot; class=&quot; datauri d…&gt;…&lt;/html&gt; intercepts pointer events
retrying hover action, attempt #25
  waiting 500ms
  waiting for element to be visible and stable
  element is visible and stable
  scrolling into view if needed
  done scrolling
  performing hover action
  &lt;html lang=&quot;en-US&quot; data-reactroot=&quot;&quot; class=&quot; datauri d…&gt;…&lt;/html&gt; intercepts pointer events
retrying hover action, attempt #26
  waiting 500ms
  waiting for element to be visible and stable
  element is visible and stable
  scrolling into view if needed
  done scrolling
  performing hover action
  &lt;html lang=&quot;en-US&quot; data-reactroot=&quot;&quot; class=&quot; datauri d…&gt;…&lt;/html&gt; intercepts pointer events
retrying hover action, attempt #27
  waiting 500ms
  waiting for element to be visible and stable
  element is visible and stable
  scrolling into view if needed
  done scrolling
  performing hover action
  &lt;html lang=&quot;en-US&quot; data-reactroot=&quot;&quot; class=&quot; datauri d…&gt;…&lt;/html&gt; intercepts pointer events
retrying hover action, attempt #28
  waiting 500ms
  waiting for element to be visible and stable
  element is visible and stable
  scrolling into view if needed
  done scrolling
  performing hover action
  &lt;html lang=&quot;en-US&quot; data-reactroot=&quot;&quot; class=&quot; datauri d…&gt;…&lt;/html&gt; intercepts pointer events
retrying hover action, attempt #29
  waiting 500ms
  waiting for element to be visible and stable
  element is visible and stable
  scrolling into view if needed
  done scrolling
  performing hover action
  &lt;html lang=&quot;en-US&quot; data-reactroot=&quot;&quot; class=&quot; datauri d…&gt;…&lt;/html&gt; intercepts pointer events
retrying hover action, attempt #30
  waiting 500ms
  waiting for element to be visible and stable
  element is visible and stable
  scrolling into view if needed
  done scrolling
  performing hover action
  &lt;html lang=&quot;en-US&quot; data-reactroot=&quot;&quot; class=&quot; datauri d…&gt;…&lt;/html&gt; intercepts pointer events
retrying hover action, attempt #31
  waiting 500ms
  waiting for element to be visible and stable
  element is visible and stable
  scrolling into view if needed
  done scrolling
  performing hover action
  &lt;html lang=&quot;en-US&quot; data-reactroot=&quot;&quot; class=&quot; datauri d…&gt;…&lt;/html&gt; intercepts pointer events
retrying hover action, attempt #32
  waiting 500ms
  waiting for element to be visible and stable
  element is visible and stable
  scrolling into view if needed
  done scrolling
  performing hover action
  &lt;html lang=&quot;en-US&quot; data-reactroot=&quot;&quot; class=&quot; datauri d…&gt;…&lt;/html&gt; intercepts pointer events
retrying hover action, attempt #33
  waiting 500ms
  waiting for element to be visible and stable
  element is visible and stable
  scrolling into view if needed
  done scrolling
  performing hover action
  &lt;html lang=&quot;en-US&quot; data-reactroot=&quot;&quot; class=&quot; datauri d…&gt;…&lt;/html&gt; intercepts pointer events
retrying hover action, attempt #34
  waiting 500ms
  waiting for element to be visible and stable
  element is visible and stable
  scrolling into view if needed
  done scrolling
  performing hover action
  &lt;html lang=&quot;en-US&quot; data-reactroot=&quot;&quot; class=&quot; datauri d…&gt;…&lt;/html&gt; intercepts pointer events
retrying hover action, attempt #35
  waiting 500ms
  waiting for element to be visible and stable
  element is visible and stable
  scrolling into view if needed
  done scrolling
  performing hover action
  &lt;html lang=&quot;en-US&quot; data-reactroot=&quot;&quot; class=&quot; datauri d…&gt;…&lt;/html&gt; intercepts pointer events
retrying hover action, attempt #36
  waiting 500ms
  waiting for element to be visible and stable
  element is visible and stable
  scrolling into view if needed
  done scrolling
  performing hover action
  &lt;html lang=&quot;en-US&quot; data-reactroot=&quot;&quot; class=&quot; datauri d…&gt;…&lt;/html&gt; intercepts pointer events
retrying hover action, attempt #37
  waiting 500ms
  waiting for element to be visible and stable
  element is visible and stable
  scrolling into view if needed
  done scrolling
  performing hover action
  &lt;html lang=&quot;en-US&quot; data-reactroot=&quot;&quot; class=&quot; datauri d…&gt;…&lt;/html&gt; intercepts pointer events
retrying hover action, attempt #38
  waiting 500ms
  waiting for element to be visible and stable
  element is visible and stable
  scrolling into view if needed
  done scrolling
  performing hover action
  &lt;html lang=&quot;en-US&quot; data-reactroot=&quot;&quot; class=&quot; datauri d…&gt;…&lt;/html&gt; intercepts pointer events
retrying hover action, attempt #39
  waiting 500ms
  waiting for element to be visible and stable
  element is visible and stable
  scrolling into view if needed
  done scrolling
  performing hover action
  &lt;html lang=&quot;en-US&quot; data-reactroot=&quot;&quot; class=&quot; datauri d…&gt;…&lt;/html&gt; intercepts pointer events
retrying hover action, attempt #40
  waiting 500ms
  waiting for element to be visible and stable
  element is visible and stable
  scrolling into view if needed
  done scrolling
  performing hover action
  &lt;html lang=&quot;en-US&quot; data-reactroot=&quot;&quot; class=&quot; datauri d…&gt;…&lt;/html&gt; intercepts pointer events
retrying hover action, attempt #41
  waiting 500ms
  waiting for element to be visible and stable
  element is visible and stable
  scrolling into view if needed
  done scrolling
  performing hover action
  &lt;html lang=&quot;en-US&quot; data-reactroot=&quot;&quot; class=&quot; datauri d…&gt;…&lt;/html&gt; intercepts pointer events
retrying hover action, attempt #42
  waiting 500ms
  waiting for element to be visible and stable
  element is visible and stable
  scrolling into view if needed
  done scrolling
  performing hover action
  &lt;html lang=&quot;en-US&quot; data-reactroot=&quot;&quot; class=&quot; datauri d…&gt;…&lt;/html&gt; intercepts pointer events
retrying hover action, attempt #43
  waiting 500ms
  waiting for element to be visible and stable
  element is visible and stable
  scrolling into view if needed
  done scrolling
  performing hover action
  &lt;html lang=&quot;en-US&quot; data-reactroot=&quot;&quot; class=&quot; datauri d…&gt;…&lt;/html&gt; intercepts pointer events
retrying hover action, attempt #44
  waiting 500ms
  waiting for element to be visible and stable
  element is visible and stable
  scrolling into view if needed
  done scrolling
  performing hover action
  &lt;html lang=&quot;en-US&quot; data-reactroot=&quot;&quot; class=&quot; datauri d…&gt;…&lt;/html&gt; intercepts pointer events
retrying hover action, attempt #45
  waiting 500ms
============================================================
  name=&#039;TimeoutError
  stack=&#039;TimeoutError: Timeout 30000ms exceeded.
=========================== logs ===========================
waiting for selector &quot;text=OKAY&quot;
  selector resolved to visible &lt;button class=&quot;ok-btn padding-5 fs14 letter-spacing-1 bg…&gt;OKAY&lt;/button&gt;
attempting hover action
  waiting for element to be visible and stable
  element is visible and stable
  scrolling into view if needed
  done scrolling
  performing hover action
  &lt;html lang=&quot;en-US&quot; data-reactroot=&quot;&quot; class=&quot; datauri d…&gt;…&lt;/html&gt; intercepts pointer events
retrying hover action, attempt #1
  waiting for element to be visible and stable
  element is visible and stable
  scrolling into view if needed
  done scrolling
  performing hover action
  &lt;html lang=&quot;en-US&quot; data-reactroot=&quot;&quot; class=&quot; datauri d…&gt;…&lt;/html&gt; intercepts pointer events
retrying hover action, attempt #2
  waiting 20ms
  waiting for element to be visible and stable
  element is visible and stable
  scrolling into view if needed
  done scrolling
  performing hover action
  &lt;html lang=&quot;en-US&quot; data-reactroot=&quot;&quot; class=&quot; datauri d…&gt;…&lt;/html&gt; intercepts pointer events
retrying hover action, attempt #3
  waiting 100ms
  waiting for element to be visible and stable
  element is visible and stable
  scrolling into view if needed
  done scrolling
  performing hover action
  &lt;html lang=&quot;en-US&quot; data-reactroot=&quot;&quot; class=&quot; datauri d…&gt;…&lt;/html&gt; intercepts pointer events
retrying hover action, attempt #4
  waiting 100ms
  waiting for element to be visible and stable
  element is visible and stable
  scrolling into view if needed
  done scrolling
  performing hover action
  &lt;html lang=&quot;en-US&quot; data-reactroot=&quot;&quot; class=&quot; datauri d…&gt;…&lt;/html&gt; intercepts pointer events
retrying hover action, attempt #5
  waiting 500ms
  waiting for element to be visible and stable
  element is visible and stable
  scrolling into view if needed
  done scrolling
  performing hover action
  &lt;html lang=&quot;en-US&quot; data-reactroot=&quot;&quot; class=&quot; datauri d…&gt;…&lt;/html&gt; intercepts pointer events
retrying hover action, attempt #6
  waiting 500ms
  waiting for element to be visible and stable
  element is visible and stable
  scrolling into view if needed
  done scrolling
  performing hover action
  &lt;html lang=&quot;en-US&quot; data-reactroot=&quot;&quot; class=&quot; datauri d…&gt;…&lt;/html&gt; intercepts pointer events
retrying hover action, attempt #7
  waiting 500ms
  waiting for element to be visible and stable
  element is visible and stable
  scrolling into view if needed
  done scrolling
  performing hover action
  &lt;html lang=&quot;en-US&quot; data-reactroot=&quot;&quot; class=&quot; datauri d…&gt;…&lt;/html&gt; intercepts pointer events
retrying hover action, attempt #8
  waiting 500ms
  waiting for element to be visible and stable
  element is visible and stable
  scrolling into view if needed
  done scrolling
  performing hover action
  &lt;html lang=&quot;en-US&quot; data-reactroot=&quot;&quot; class=&quot; datauri d…&gt;…&lt;/html&gt; intercepts pointer events
retrying hover action, attempt #9
  waiting 500ms
  waiting for element to be visible and stable
  element is visible and stable
  scrolling into view if needed
  done scrolling
  performing hover action
  &lt;html lang=&quot;en-US&quot; data-reactroot=&quot;&quot; class=&quot; datauri d…&gt;…&lt;/html&gt; intercepts pointer events
retrying hover action, attempt #10
  waiting 500ms
  waiting for element to be visible and stable
  element is visible and stable
  scrolling into view if needed
  done scrolling
  performing hover action
  &lt;html lang=&quot;en-US&quot; data-reactroot=&quot;&quot; class=&quot; datauri d…&gt;…&lt;/html&gt; intercepts pointer events
retrying hover action, attempt #11
  waiting 500ms
  waiting for element to be visible and stable
  element is visible and stable
  scrolling into view if needed
  done scrolling
  performing hover action
  &lt;html lang=&quot;en-US&quot; data-reactroot=&quot;&quot; class=&quot; datauri d…&gt;…&lt;/html&gt; intercepts pointer events
retrying hover action, attempt #12
  waiting 500ms
  waiting for element to be visible and stable
  element is visible and stable
  scrolling into view if needed
  done scrolling
  performing hover action
  &lt;html lang=&quot;en-US&quot; data-reactroot=&quot;&quot; class=&quot; datauri d…&gt;…&lt;/html&gt; intercepts pointer events
retrying hover action, attempt #13
  waiting 500ms
  waiting for element to be visible and stable
  element is visible and stable
  scrolling into view if needed
  done scrolling
  performing hover action
  &lt;html lang=&quot;en-US&quot; data-reactroot=&quot;&quot; class=&quot; datauri d…&gt;…&lt;/html&gt; intercepts pointer events
retrying hover action, attempt #14
  waiting 500ms
  waiting for element to be visible and stable
  element is visible and stable
  scrolling into view if needed
  done scrolling
  performing hover action
  &lt;html lang=&quot;en-US&quot; data-reactroot=&quot;&quot; class=&quot; datauri d…&gt;…&lt;/html&gt; intercepts pointer events
retrying hover action, attempt #15
  waiting 500ms
  waiting for element to be visible and stable
  element is visible and stable
  scrolling into view if needed
  done scrolling
  performing hover action
  &lt;html lang=&quot;en-US&quot; data-reactroot=&quot;&quot; class=&quot; datauri d…&gt;…&lt;/html&gt; intercepts pointer events
retrying hover action, attempt #16
  waiting 500ms
  waiting for element to be visible and stable
  element is visible and stable
  scrolling into view if needed
  done scrolling
  performing hover action
  &lt;html lang=&quot;en-US&quot; data-reactroot=&quot;&quot; class=&quot; datauri d…&gt;…&lt;/html&gt; intercepts pointer events
retrying hover action, attempt #17
  waiting 500ms
  waiting for element to be visible and stable
  element is visible and stable
  scrolling into view if needed
  done scrolling
  performing hover action
  &lt;html lang=&quot;en-US&quot; data-reactroot=&quot;&quot; class=&quot; datauri d…&gt;…&lt;/html&gt; intercepts pointer events
retrying hover action, attempt #18
  waiting 500ms
  waiting for element to be visible and stable
  element is visible and stable
  scrolling into view if needed
  done scrolling
  performing hover action
  &lt;html lang=&quot;en-US&quot; data-reactroot=&quot;&quot; class=&quot; datauri d…&gt;…&lt;/html&gt; intercepts pointer events
retrying hover action, attempt #19
  waiting 500ms
  waiting for element to be visible and stable
  element is visible and stable
  scrolling into view if needed
  done scrolling
  performing hover action
  &lt;html lang=&quot;en-US&quot; data-reactroot=&quot;&quot; class=&quot; datauri d…&gt;…&lt;/html&gt; intercepts pointer events
retrying hover action, attempt #20
  waiting 500ms
  waiting for element to be visible and stable
  element is visible and stable
  scrolling into view if needed
  done scrolling
  performing hover action
  &lt;html lang=&quot;en-US&quot; data-reactroot=&quot;&quot; class=&quot; datauri d…&gt;…&lt;/html&gt; intercepts pointer events
retrying hover action, attempt #21
  waiting 500ms
  waiting for element to be visible and stable
  element is visible and stable
  scrolling into view if needed
  done scrolling
  performing hover action
  &lt;html lang=&quot;en-US&quot; data-reactroot=&quot;&quot; class=&quot; datauri d…&gt;…&lt;/html&gt; intercepts pointer events
retrying hover action, attempt #22
  waiting 500ms
  waiting for element to be visible and stable
  element is visible and stable
  scrolling into view if needed
  done scrolling
  performing hover action
  &lt;html lang=&quot;en-US&quot; data-reactroot=&quot;&quot; class=&quot; datauri d…&gt;…&lt;/html&gt; intercepts pointer events
retrying hover action, attempt #23
  waiting 500ms
  waiting for element to be visible and stable
  element is visible and stable
  scrolling into view if needed
  done scrolling
  performing hover action
  &lt;html lang=&quot;en-US&quot; data-reactroot=&quot;&quot; class=&quot; datauri d…&gt;…&lt;/html&gt; intercepts pointer events
retrying hover action, attempt #24
  waiting 500ms
  waiting for element to be visible and stable
  element is visible and stable
  scrolling into view if needed
  done scrolling
  performing hover action
  &lt;html lang=&quot;en-US&quot; data-reactroot=&quot;&quot; class=&quot; datauri d…&gt;…&lt;/html&gt; intercepts pointer events
retrying hover action, attempt #25
  waiting 500ms
  waiting for element to be visible and stable
  element is visible and stable
  scrolling into view if needed
  done scrolling
  performing hover action
  &lt;html lang=&quot;en-US&quot; data-reactroot=&quot;&quot; class=&quot; datauri d…&gt;…&lt;/html&gt; intercepts pointer events
retrying hover action, attempt #26
  waiting 500ms
  waiting for element to be visible and stable
  element is visible and stable
  scrolling into view if needed
  done scrolling
  performing hover action
  &lt;html lang=&quot;en-US&quot; data-reactroot=&quot;&quot; class=&quot; datauri d…&gt;…&lt;/html&gt; intercepts pointer events
retrying hover action, attempt #27
  waiting 500ms
  waiting for element to be visible and stable
  element is visible and stable
  scrolling into view if needed
  done scrolling
  performing hover action
  &lt;html lang=&quot;en-US&quot; data-reactroot=&quot;&quot; class=&quot; datauri d…&gt;…&lt;/html&gt; intercepts pointer events
retrying hover action, attempt #28
  waiting 500ms
  waiting for element to be visible and stable
  element is visible and stable
  scrolling into view if needed
  done scrolling
  performing hover action
  &lt;html lang=&quot;en-US&quot; data-reactroot=&quot;&quot; class=&quot; datauri d…&gt;…&lt;/html&gt; intercepts pointer events
retrying hover action, attempt #29
  waiting 500ms
  waiting for element to be visible and stable
  element is visible and stable
  scrolling into view if needed
  done scrolling
  performing hover action
  &lt;html lang=&quot;en-US&quot; data-reactroot=&quot;&quot; class=&quot; datauri d…&gt;…&lt;/html&gt; intercepts pointer events
retrying hover action, attempt #30
  waiting 500ms
  waiting for element to be visible and stable
  element is visible and stable
  scrolling into view if needed
  done scrolling
  performing hover action
  &lt;html lang=&quot;en-US&quot; data-reactroot=&quot;&quot; class=&quot; datauri d…&gt;…&lt;/html&gt; intercepts pointer events
retrying hover action, attempt #31
  waiting 500ms
  waiting for element to be visible and stable
  element is visible and stable
  scrolling into view if needed
  done scrolling
  performing hover action
  &lt;html lang=&quot;en-US&quot; data-reactroot=&quot;&quot; class=&quot; datauri d…&gt;…&lt;/html&gt; intercepts pointer events
retrying hover action, attempt #32
  waiting 500ms
  waiting for element to be visible and stable
  element is visible and stable
  scrolling into view if needed
  done scrolling
  performing hover action
  &lt;html lang=&quot;en-US&quot; data-reactroot=&quot;&quot; class=&quot; datauri d…&gt;…&lt;/html&gt; intercepts pointer events
retrying hover action, attempt #33
  waiting 500ms
  waiting for element to be visible and stable
  element is visible and stable
  scrolling into view if needed
  done scrolling
  performing hover action
  &lt;html lang=&quot;en-US&quot; data-reactroot=&quot;&quot; class=&quot; datauri d…&gt;…&lt;/html&gt; intercepts pointer events
retrying hover action, attempt #34
  waiting 500ms
  waiting for element to be visible and stable
  element is visible and stable
  scrolling into view if needed
  done scrolling
  performing hover action
  &lt;html lang=&quot;en-US&quot; data-reactroot=&quot;&quot; class=&quot; datauri d…&gt;…&lt;/html&gt; intercepts pointer events
retrying hover action, attempt #35
  waiting 500ms
  waiting for element to be visible and stable
  element is visible and stable
  scrolling into view if needed
  done scrolling
  performing hover action
  &lt;html lang=&quot;en-US&quot; data-reactroot=&quot;&quot; class=&quot; datauri d…&gt;…&lt;/html&gt; intercepts pointer events
retrying hover action, attempt #36
  waiting 500ms
  waiting for element to be visible and stable
  element is visible and stable
  scrolling into view if needed
  done scrolling
  performing hover action
  &lt;html lang=&quot;en-US&quot; data-reactroot=&quot;&quot; class=&quot; datauri d…&gt;…&lt;/html&gt; intercepts pointer events
retrying hover action, attempt #37
  waiting 500ms
  waiting for element to be visible and stable
  element is visible and stable
  scrolling into view if needed
  done scrolling
  performing hover action
  &lt;html lang=&quot;en-US&quot; data-reactroot=&quot;&quot; class=&quot; datauri d…&gt;…&lt;/html&gt; intercepts pointer events
retrying hover action, attempt #38
  waiting 500ms
  waiting for element to be visible and stable
  element is visible and stable
  scrolling into view if needed
  done scrolling
  performing hover action
  &lt;html lang=&quot;en-US&quot; data-reactroot=&quot;&quot; class=&quot; datauri d…&gt;…&lt;/html&gt; intercepts pointer events
retrying hover action, attempt #39
  waiting 500ms
  waiting for element to be visible and stable
  element is visible and stable
  scrolling into view if needed
  done scrolling
  performing hover action
  &lt;html lang=&quot;en-US&quot; data-reactroot=&quot;&quot; class=&quot; datauri d…&gt;…&lt;/html&gt; intercepts pointer events
retrying hover action, attempt #40
  waiting 500ms
  waiting for element to be visible and stable
  element is visible and stable
  scrolling into view if needed
  done scrolling
  performing hover action
  &lt;html lang=&quot;en-US&quot; data-reactroot=&quot;&quot; class=&quot; datauri d…&gt;…&lt;/html&gt; intercepts pointer events
retrying hover action, attempt #41
  waiting 500ms
  waiting for element to be visible and stable
  element is visible and stable
  scrolling into view if needed
  done scrolling
  performing hover action
  &lt;html lang=&quot;en-US&quot; data-reactroot=&quot;&quot; class=&quot; datauri d…&gt;…&lt;/html&gt; intercepts pointer events
retrying hover action, attempt #42
  waiting 500ms
  waiting for element to be visible and stable
  element is visible and stable
  scrolling into view if needed
  done scrolling
  performing hover action
  &lt;html lang=&quot;en-US&quot; data-reactroot=&quot;&quot; class=&quot; datauri d…&gt;…&lt;/html&gt; intercepts pointer events
retrying hover action, attempt #43
  waiting 500ms
  waiting for element to be visible and stable
  element is visible and stable
  scrolling into view if needed
  done scrolling
  performing hover action
  &lt;html lang=&quot;en-US&quot; data-reactroot=&quot;&quot; class=&quot; datauri d…&gt;…&lt;/html&gt; intercepts pointer events
retrying hover action, attempt #44
  waiting 500ms
  waiting for element to be visible and stable
  element is visible and stable
  scrolling into view if needed
  done scrolling
  performing hover action
  &lt;html lang=&quot;en-US&quot; data-reactroot=&quot;&quot; class=&quot; datauri d…&gt;…&lt;/html&gt; intercepts pointer events
retrying hover action, attempt #45
  waiting 500ms
============================================================
    at ProgressController.run (C:\Users\Lenskart\AppData\Local\Temp\playwright-java-15046438277596803118\package\lib\server\progress.js:96:26)
    at Frame.hover (C:\Users\Lenskart\AppData\Local\Temp\playwright-java-15046438277596803118\package\lib\server\frames.js:1263:23)
    at FrameDispatcher.hover (C:\Users\Lenskart\AppData\Local\Temp\playwright-java-15046438277596803118\package\lib\dispatchers\frameDispatcher.js:259:30)
    at DispatcherConnection.dispatch (C:\Users\Lenskart\AppData\Local\Temp\playwright-java-15046438277596803118\package\lib\dispatchers\dispatcher.js:352:46)
}" type="com.microsoft.playwright.TimeoutError">
      <![CDATA[com.microsoft.playwright.TimeoutError: Error {
  message='Timeout 30000ms exceeded.
=========================== logs ===========================
waiting for selector "text=OKAY"
  selector resolved to visible <button class="ok-btn padding-5 fs14 letter-spacing-1 bg…>OKAY</button>
attempting hover action
  waiting for element to be visible and stable
  element is visible and stable
  scrolling into view if needed
  done scrolling
  performing hover action
  <html lang="en-US" data-reactroot="" class=" datauri d…>…</html> intercepts pointer events
retrying hover action, attempt #1
  waiting for element to be visible and stable
  element is visible and stable
  scrolling into view if needed
  done scrolling
  performing hover action
  <html lang="en-US" data-reactroot="" class=" datauri d…>…</html> intercepts pointer events
retrying hover action, attempt #2
  waiting 20ms
  waiting for element to be visible and stable
  element is visible and stable
  scrolling into view if needed
  done scrolling
  performing hover action
  <html lang="en-US" data-reactroot="" class=" datauri d…>…</html> intercepts pointer events
retrying hover action, attempt #3
  waiting 100ms
  waiting for element to be visible and stable
  element is visible and stable
  scrolling into view if needed
  done scrolling
  performing hover action
  <html lang="en-US" data-reactroot="" class=" datauri d…>…</html> intercepts pointer events
retrying hover action, attempt #4
  waiting 100ms
  waiting for element to be visible and stable
  element is visible and stable
  scrolling into view if needed
  done scrolling
  performing hover action
  <html lang="en-US" data-reactroot="" class=" datauri d…>…</html> intercepts pointer events
retrying hover action, attempt #5
  waiting 500ms
  waiting for element to be visible and stable
  element is visible and stable
  scrolling into view if needed
  done scrolling
  performing hover action
  <html lang="en-US" data-reactroot="" class=" datauri d…>…</html> intercepts pointer events
retrying hover action, attempt #6
  waiting 500ms
  waiting for element to be visible and stable
  element is visible and stable
  scrolling into view if needed
  done scrolling
  performing hover action
  <html lang="en-US" data-reactroot="" class=" datauri d…>…</html> intercepts pointer events
retrying hover action, attempt #7
  waiting 500ms
  waiting for element to be visible and stable
  element is visible and stable
  scrolling into view if needed
  done scrolling
  performing hover action
  <html lang="en-US" data-reactroot="" class=" datauri d…>…</html> intercepts pointer events
retrying hover action, attempt #8
  waiting 500ms
  waiting for element to be visible and stable
  element is visible and stable
  scrolling into view if needed
  done scrolling
  performing hover action
  <html lang="en-US" data-reactroot="" class=" datauri d…>…</html> intercepts pointer events
retrying hover action, attempt #9
  waiting 500ms
  waiting for element to be visible and stable
  element is visible and stable
  scrolling into view if needed
  done scrolling
  performing hover action
  <html lang="en-US" data-reactroot="" class=" datauri d…>…</html> intercepts pointer events
retrying hover action, attempt #10
  waiting 500ms
  waiting for element to be visible and stable
  element is visible and stable
  scrolling into view if needed
  done scrolling
  performing hover action
  <html lang="en-US" data-reactroot="" class=" datauri d…>…</html> intercepts pointer events
retrying hover action, attempt #11
  waiting 500ms
  waiting for element to be visible and stable
  element is visible and stable
  scrolling into view if needed
  done scrolling
  performing hover action
  <html lang="en-US" data-reactroot="" class=" datauri d…>…</html> intercepts pointer events
retrying hover action, attempt #12
  waiting 500ms
  waiting for element to be visible and stable
  element is visible and stable
  scrolling into view if needed
  done scrolling
  performing hover action
  <html lang="en-US" data-reactroot="" class=" datauri d…>…</html> intercepts pointer events
retrying hover action, attempt #13
  waiting 500ms
  waiting for element to be visible and stable
  element is visible and stable
  scrolling into view if needed
  done scrolling
  performing hover action
  <html lang="en-US" data-reactroot="" class=" datauri d…>…</html> intercepts pointer events
retrying hover action, attempt #14
  waiting 500ms
  waiting for element to be visible and stable
  element is visible and stable
  scrolling into view if needed
  done scrolling
  performing hover action
  <html lang="en-US" data-reactroot="" class=" datauri d…>…</html> intercepts pointer events
retrying hover action, attempt #15
  waiting 500ms
  waiting for element to be visible and stable
  element is visible and stable
  scrolling into view if needed
  done scrolling
  performing hover action
  <html lang="en-US" data-reactroot="" class=" datauri d…>…</html> intercepts pointer events
retrying hover action, attempt #16
  waiting 500ms
  waiting for element to be visible and stable
  element is visible and stable
  scrolling into view if needed
  done scrolling
  performing hover action
  <html lang="en-US" data-reactroot="" class=" datauri d…>…</html> intercepts pointer events
retrying hover action, attempt #17
  waiting 500ms
  waiting for element to be visible and stable
  element is visible and stable
  scrolling into view if needed
  done scrolling
  performing hover action
  <html lang="en-US" data-reactroot="" class=" datauri d…>…</html> intercepts pointer events
retrying hover action, attempt #18
  waiting 500ms
  waiting for element to be visible and stable
  element is visible and stable
  scrolling into view if needed
  done scrolling
  performing hover action
  <html lang="en-US" data-reactroot="" class=" datauri d…>…</html> intercepts pointer events
retrying hover action, attempt #19
  waiting 500ms
  waiting for element to be visible and stable
  element is visible and stable
  scrolling into view if needed
  done scrolling
  performing hover action
  <html lang="en-US" data-reactroot="" class=" datauri d…>…</html> intercepts pointer events
retrying hover action, attempt #20
  waiting 500ms
  waiting for element to be visible and stable
  element is visible and stable
  scrolling into view if needed
  done scrolling
  performing hover action
  <html lang="en-US" data-reactroot="" class=" datauri d…>…</html> intercepts pointer events
retrying hover action, attempt #21
  waiting 500ms
  waiting for element to be visible and stable
  element is visible and stable
  scrolling into view if needed
  done scrolling
  performing hover action
  <html lang="en-US" data-reactroot="" class=" datauri d…>…</html> intercepts pointer events
retrying hover action, attempt #22
  waiting 500ms
  waiting for element to be visible and stable
  element is visible and stable
  scrolling into view if needed
  done scrolling
  performing hover action
  <html lang="en-US" data-reactroot="" class=" datauri d…>…</html> intercepts pointer events
retrying hover action, attempt #23
  waiting 500ms
  waiting for element to be visible and stable
  element is visible and stable
  scrolling into view if needed
  done scrolling
  performing hover action
  <html lang="en-US" data-reactroot="" class=" datauri d…>…</html> intercepts pointer events
retrying hover action, attempt #24
  waiting 500ms
  waiting for element to be visible and stable
  element is visible and stable
  scrolling into view if needed
  done scrolling
  performing hover action
  <html lang="en-US" data-reactroot="" class=" datauri d…>…</html> intercepts pointer events
retrying hover action, attempt #25
  waiting 500ms
  waiting for element to be visible and stable
  element is visible and stable
  scrolling into view if needed
  done scrolling
  performing hover action
  <html lang="en-US" data-reactroot="" class=" datauri d…>…</html> intercepts pointer events
retrying hover action, attempt #26
  waiting 500ms
  waiting for element to be visible and stable
  element is visible and stable
  scrolling into view if needed
  done scrolling
  performing hover action
  <html lang="en-US" data-reactroot="" class=" datauri d…>…</html> intercepts pointer events
retrying hover action, attempt #27
  waiting 500ms
  waiting for element to be visible and stable
  element is visible and stable
  scrolling into view if needed
  done scrolling
  performing hover action
  <html lang="en-US" data-reactroot="" class=" datauri d…>…</html> intercepts pointer events
retrying hover action, attempt #28
  waiting 500ms
  waiting for element to be visible and stable
  element is visible and stable
  scrolling into view if needed
  done scrolling
  performing hover action
  <html lang="en-US" data-reactroot="" class=" datauri d…>…</html> intercepts pointer events
retrying hover action, attempt #29
  waiting 500ms
  waiting for element to be visible and stable
  element is visible and stable
  scrolling into view if needed
  done scrolling
  performing hover action
  <html lang="en-US" data-reactroot="" class=" datauri d…>…</html> intercepts pointer events
retrying hover action, attempt #30
  waiting 500ms
  waiting for element to be visible and stable
  element is visible and stable
  scrolling into view if needed
  done scrolling
  performing hover action
  <html lang="en-US" data-reactroot="" class=" datauri d…>…</html> intercepts pointer events
retrying hover action, attempt #31
  waiting 500ms
  waiting for element to be visible and stable
  element is visible and stable
  scrolling into view if needed
  done scrolling
  performing hover action
  <html lang="en-US" data-reactroot="" class=" datauri d…>…</html> intercepts pointer events
retrying hover action, attempt #32
  waiting 500ms
  waiting for element to be visible and stable
  element is visible and stable
  scrolling into view if needed
  done scrolling
  performing hover action
  <html lang="en-US" data-reactroot="" class=" datauri d…>…</html> intercepts pointer events
retrying hover action, attempt #33
  waiting 500ms
  waiting for element to be visible and stable
  element is visible and stable
  scrolling into view if needed
  done scrolling
  performing hover action
  <html lang="en-US" data-reactroot="" class=" datauri d…>…</html> intercepts pointer events
retrying hover action, attempt #34
  waiting 500ms
  waiting for element to be visible and stable
  element is visible and stable
  scrolling into view if needed
  done scrolling
  performing hover action
  <html lang="en-US" data-reactroot="" class=" datauri d…>…</html> intercepts pointer events
retrying hover action, attempt #35
  waiting 500ms
  waiting for element to be visible and stable
  element is visible and stable
  scrolling into view if needed
  done scrolling
  performing hover action
  <html lang="en-US" data-reactroot="" class=" datauri d…>…</html> intercepts pointer events
retrying hover action, attempt #36
  waiting 500ms
  waiting for element to be visible and stable
  element is visible and stable
  scrolling into view if needed
  done scrolling
  performing hover action
  <html lang="en-US" data-reactroot="" class=" datauri d…>…</html> intercepts pointer events
retrying hover action, attempt #37
  waiting 500ms
  waiting for element to be visible and stable
  element is visible and stable
  scrolling into view if needed
  done scrolling
  performing hover action
  <html lang="en-US" data-reactroot="" class=" datauri d…>…</html> intercepts pointer events
retrying hover action, attempt #38
  waiting 500ms
  waiting for element to be visible and stable
  element is visible and stable
  scrolling into view if needed
  done scrolling
  performing hover action
  <html lang="en-US" data-reactroot="" class=" datauri d…>…</html> intercepts pointer events
retrying hover action, attempt #39
  waiting 500ms
  waiting for element to be visible and stable
  element is visible and stable
  scrolling into view if needed
  done scrolling
  performing hover action
  <html lang="en-US" data-reactroot="" class=" datauri d…>…</html> intercepts pointer events
retrying hover action, attempt #40
  waiting 500ms
  waiting for element to be visible and stable
  element is visible and stable
  scrolling into view if needed
  done scrolling
  performing hover action
  <html lang="en-US" data-reactroot="" class=" datauri d…>…</html> intercepts pointer events
retrying hover action, attempt #41
  waiting 500ms
  waiting for element to be visible and stable
  element is visible and stable
  scrolling into view if needed
  done scrolling
  performing hover action
  <html lang="en-US" data-reactroot="" class=" datauri d…>…</html> intercepts pointer events
retrying hover action, attempt #42
  waiting 500ms
  waiting for element to be visible and stable
  element is visible and stable
  scrolling into view if needed
  done scrolling
  performing hover action
  <html lang="en-US" data-reactroot="" class=" datauri d…>…</html> intercepts pointer events
retrying hover action, attempt #43
  waiting 500ms
  waiting for element to be visible and stable
  element is visible and stable
  scrolling into view if needed
  done scrolling
  performing hover action
  <html lang="en-US" data-reactroot="" class=" datauri d…>…</html> intercepts pointer events
retrying hover action, attempt #44
  waiting 500ms
  waiting for element to be visible and stable
  element is visible and stable
  scrolling into view if needed
  done scrolling
  performing hover action
  <html lang="en-US" data-reactroot="" class=" datauri d…>…</html> intercepts pointer events
retrying hover action, attempt #45
  waiting 500ms
============================================================
  name='TimeoutError
  stack='TimeoutError: Timeout 30000ms exceeded.
=========================== logs ===========================
waiting for selector "text=OKAY"
  selector resolved to visible <button class="ok-btn padding-5 fs14 letter-spacing-1 bg…>OKAY</button>
attempting hover action
  waiting for element to be visible and stable
  element is visible and stable
  scrolling into view if needed
  done scrolling
  performing hover action
  <html lang="en-US" data-reactroot="" class=" datauri d…>…</html> intercepts pointer events
retrying hover action, attempt #1
  waiting for element to be visible and stable
  element is visible and stable
  scrolling into view if needed
  done scrolling
  performing hover action
  <html lang="en-US" data-reactroot="" class=" datauri d…>…</html> intercepts pointer events
retrying hover action, attempt #2
  waiting 20ms
  waiting for element to be visible and stable
  element is visible and stable
  scrolling into view if needed
  done scrolling
  performing hover action
  <html lang="en-US" data-reactroot="" class=" datauri d…>…</html> intercepts pointer events
retrying hover action, attempt #3
  waiting 100ms
  waiting for element to be visible and stable
  element is visible and stable
  scrolling into view if needed
  done scrolling
  performing hover action
  <html lang="en-US" data-reactroot="" class=" datauri d…>…</html> intercepts pointer events
retrying hover action, attempt #4
  waiting 100ms
  waiting for element to be visible and stable
  element is visible and stable
  scrolling into view if needed
  done scrolling
  performing hover action
  <html lang="en-US" data-reactroot="" class=" datauri d…>…</html> intercepts pointer events
retrying hover action, attempt #5
  waiting 500ms
  waiting for element to be visible and stable
  element is visible and stable
  scrolling into view if needed
  done scrolling
  performing hover action
  <html lang="en-US" data-reactroot="" class=" datauri d…>…</html> intercepts pointer events
retrying hover action, attempt #6
  waiting 500ms
  waiting for element to be visible and stable
  element is visible and stable
  scrolling into view if needed
  done scrolling
  performing hover action
  <html lang="en-US" data-reactroot="" class=" datauri d…>…</html> intercepts pointer events
retrying hover action, attempt #7
  waiting 500ms
  waiting for element to be visible and stable
  element is visible and stable
  scrolling into view if needed
  done scrolling
  performing hover action
  <html lang="en-US" data-reactroot="" class=" datauri d…>…</html> intercepts pointer events
retrying hover action, attempt #8
  waiting 500ms
  waiting for element to be visible and stable
  element is visible and stable
  scrolling into view if needed
  done scrolling
  performing hover action
  <html lang="en-US" data-reactroot="" class=" datauri d…>…</html> intercepts pointer events
retrying hover action, attempt #9
  waiting 500ms
  waiting for element to be visible and stable
  element is visible and stable
  scrolling into view if needed
  done scrolling
  performing hover action
  <html lang="en-US" data-reactroot="" class=" datauri d…>…</html> intercepts pointer events
retrying hover action, attempt #10
  waiting 500ms
  waiting for element to be visible and stable
  element is visible and stable
  scrolling into view if needed
  done scrolling
  performing hover action
  <html lang="en-US" data-reactroot="" class=" datauri d…>…</html> intercepts pointer events
retrying hover action, attempt #11
  waiting 500ms
  waiting for element to be visible and stable
  element is visible and stable
  scrolling into view if needed
  done scrolling
  performing hover action
  <html lang="en-US" data-reactroot="" class=" datauri d…>…</html> intercepts pointer events
retrying hover action, attempt #12
  waiting 500ms
  waiting for element to be visible and stable
  element is visible and stable
  scrolling into view if needed
  done scrolling
  performing hover action
  <html lang="en-US" data-reactroot="" class=" datauri d…>…</html> intercepts pointer events
retrying hover action, attempt #13
  waiting 500ms
  waiting for element to be visible and stable
  element is visible and stable
  scrolling into view if needed
  done scrolling
  performing hover action
  <html lang="en-US" data-reactroot="" class=" datauri d…>…</html> intercepts pointer events
retrying hover action, attempt #14
  waiting 500ms
  waiting for element to be visible and stable
  element is visible and stable
  scrolling into view if needed
  done scrolling
  performing hover action
  <html lang="en-US" data-reactroot="" class=" datauri d…>…</html> intercepts pointer events
retrying hover action, attempt #15
  waiting 500ms
  waiting for element to be visible and stable
  element is visible and stable
  scrolling into view if needed
  done scrolling
  performing hover action
  <html lang="en-US" data-reactroot="" class=" datauri d…>…</html> intercepts pointer events
retrying hover action, attempt #16
  waiting 500ms
  waiting for element to be visible and stable
  element is visible and stable
  scrolling into view if needed
  done scrolling
  performing hover action
  <html lang="en-US" data-reactroot="" class=" datauri d…>…</html> intercepts pointer events
retrying hover action, attempt #17
  waiting 500ms
  waiting for element to be visible and stable
  element is visible and stable
  scrolling into view if needed
  done scrolling
  performing hover action
  <html lang="en-US" data-reactroot="" class=" datauri d…>…</html> intercepts pointer events
retrying hover action, attempt #18
  waiting 500ms
  waiting for element to be visible and stable
  element is visible and stable
  scrolling into view if needed
  done scrolling
  performing hover action
  <html lang="en-US" data-reactroot="" class=" datauri d…>…</html> intercepts pointer events
retrying hover action, attempt #19
  waiting 500ms
  waiting for element to be visible and stable
  element is visible and stable
  scrolling into view if needed
  done scrolling
  performing hover action
  <html lang="en-US" data-reactroot="" class=" datauri d…>…</html> intercepts pointer events
retrying hover action, attempt #20
  waiting 500ms
  waiting for element to be visible and stable
  element is visible and stable
  scrolling into view if needed
  done scrolling
  performing hover action
  <html lang="en-US" data-reactroot="" class=" datauri d…>…</html> intercepts pointer events
retrying hover action, attempt #21
  waiting 500ms
  waiting for element to be visible and stable
  element is visible and stable
  scrolling into view if needed
  done scrolling
  performing hover action
  <html lang="en-US" data-reactroot="" class=" datauri d…>…</html> intercepts pointer events
retrying hover action, attempt #22
  waiting 500ms
  waiting for element to be visible and stable
  element is visible and stable
  scrolling into view if needed
  done scrolling
  performing hover action
  <html lang="en-US" data-reactroot="" class=" datauri d…>…</html> intercepts pointer events
retrying hover action, attempt #23
  waiting 500ms
  waiting for element to be visible and stable
  element is visible and stable
  scrolling into view if needed
  done scrolling
  performing hover action
  <html lang="en-US" data-reactroot="" class=" datauri d…>…</html> intercepts pointer events
retrying hover action, attempt #24
  waiting 500ms
  waiting for element to be visible and stable
  element is visible and stable
  scrolling into view if needed
  done scrolling
  performing hover action
  <html lang="en-US" data-reactroot="" class=" datauri d…>…</html> intercepts pointer events
retrying hover action, attempt #25
  waiting 500ms
  waiting for element to be visible and stable
  element is visible and stable
  scrolling into view if needed
  done scrolling
  performing hover action
  <html lang="en-US" data-reactroot="" class=" datauri d…>…</html> intercepts pointer events
retrying hover action, attempt #26
  waiting 500ms
  waiting for element to be visible and stable
  element is visible and stable
  scrolling into view if needed
  done scrolling
  performing hover action
  <html lang="en-US" data-reactroot="" class=" datauri d…>…</html> intercepts pointer events
retrying hover action, attempt #27
  waiting 500ms
  waiting for element to be visible and stable
  element is visible and stable
  scrolling into view if needed
  done scrolling
  performing hover action
  <html lang="en-US" data-reactroot="" class=" datauri d…>…</html> intercepts pointer events
retrying hover action, attempt #28
  waiting 500ms
  waiting for element to be visible and stable
  element is visible and stable
  scrolling into view if needed
  done scrolling
  performing hover action
  <html lang="en-US" data-reactroot="" class=" datauri d…>…</html> intercepts pointer events
retrying hover action, attempt #29
  waiting 500ms
  waiting for element to be visible and stable
  element is visible and stable
  scrolling into view if needed
  done scrolling
  performing hover action
  <html lang="en-US" data-reactroot="" class=" datauri d…>…</html> intercepts pointer events
retrying hover action, attempt #30
  waiting 500ms
  waiting for element to be visible and stable
  element is visible and stable
  scrolling into view if needed
  done scrolling
  performing hover action
  <html lang="en-US" data-reactroot="" class=" datauri d…>…</html> intercepts pointer events
retrying hover action, attempt #31
  waiting 500ms
  waiting for element to be visible and stable
  element is visible and stable
  scrolling into view if needed
  done scrolling
  performing hover action
  <html lang="en-US" data-reactroot="" class=" datauri d…>…</html> intercepts pointer events
retrying hover action, attempt #32
  waiting 500ms
  waiting for element to be visible and stable
  element is visible and stable
  scrolling into view if needed
  done scrolling
  performing hover action
  <html lang="en-US" data-reactroot="" class=" datauri d…>…</html> intercepts pointer events
retrying hover action, attempt #33
  waiting 500ms
  waiting for element to be visible and stable
  element is visible and stable
  scrolling into view if needed
  done scrolling
  performing hover action
  <html lang="en-US" data-reactroot="" class=" datauri d…>…</html> intercepts pointer events
retrying hover action, attempt #34
  waiting 500ms
  waiting for element to be visible and stable
  element is visible and stable
  scrolling into view if needed
  done scrolling
  performing hover action
  <html lang="en-US" data-reactroot="" class=" datauri d…>…</html> intercepts pointer events
retrying hover action, attempt #35
  waiting 500ms
  waiting for element to be visible and stable
  element is visible and stable
  scrolling into view if needed
  done scrolling
  performing hover action
  <html lang="en-US" data-reactroot="" class=" datauri d…>…</html> intercepts pointer events
retrying hover action, attempt #36
  waiting 500ms
  waiting for element to be visible and stable
  element is visible and stable
  scrolling into view if needed
  done scrolling
  performing hover action
  <html lang="en-US" data-reactroot="" class=" datauri d…>…</html> intercepts pointer events
retrying hover action, attempt #37
  waiting 500ms
  waiting for element to be visible and stable
  element is visible and stable
  scrolling into view if needed
  done scrolling
  performing hover action
  <html lang="en-US" data-reactroot="" class=" datauri d…>…</html> intercepts pointer events
retrying hover action, attempt #38
  waiting 500ms
  waiting for element to be visible and stable
  element is visible and stable
  scrolling into view if needed
  done scrolling
  performing hover action
  <html lang="en-US" data-reactroot="" class=" datauri d…>…</html> intercepts pointer events
retrying hover action, attempt #39
  waiting 500ms
  waiting for element to be visible and stable
  element is visible and stable
  scrolling into view if needed
  done scrolling
  performing hover action
  <html lang="en-US" data-reactroot="" class=" datauri d…>…</html> intercepts pointer events
retrying hover action, attempt #40
  waiting 500ms
  waiting for element to be visible and stable
  element is visible and stable
  scrolling into view if needed
  done scrolling
  performing hover action
  <html lang="en-US" data-reactroot="" class=" datauri d…>…</html> intercepts pointer events
retrying hover action, attempt #41
  waiting 500ms
  waiting for element to be visible and stable
  element is visible and stable
  scrolling into view if needed
  done scrolling
  performing hover action
  <html lang="en-US" data-reactroot="" class=" datauri d…>…</html> intercepts pointer events
retrying hover action, attempt #42
  waiting 500ms
  waiting for element to be visible and stable
  element is visible and stable
  scrolling into view if needed
  done scrolling
  performing hover action
  <html lang="en-US" data-reactroot="" class=" datauri d…>…</html> intercepts pointer events
retrying hover action, attempt #43
  waiting 500ms
  waiting for element to be visible and stable
  element is visible and stable
  scrolling into view if needed
  done scrolling
  performing hover action
  <html lang="en-US" data-reactroot="" class=" datauri d…>…</html> intercepts pointer events
retrying hover action, attempt #44
  waiting 500ms
  waiting for element to be visible and stable
  element is visible and stable
  scrolling into view if needed
  done scrolling
  performing hover action
  <html lang="en-US" data-reactroot="" class=" datauri d…>…</html> intercepts pointer events
retrying hover action, attempt #45
  waiting 500ms
============================================================
    at ProgressController.run (C:\Users\Lenskart\AppData\Local\Temp\playwright-java-15046438277596803118\package\lib\server\progress.js:96:26)
    at Frame.hover (C:\Users\Lenskart\AppData\Local\Temp\playwright-java-15046438277596803118\package\lib\server\frames.js:1263:23)
    at FrameDispatcher.hover (C:\Users\Lenskart\AppData\Local\Temp\playwright-java-15046438277596803118\package\lib\dispatchers\frameDispatcher.js:259:30)
    at DispatcherConnection.dispatch (C:\Users\Lenskart\AppData\Local\Temp\playwright-java-15046438277596803118\package\lib\dispatchers\dispatcher.js:352:46)
}
at com.microsoft.playwright.impl.WaitableResult.get(WaitableResult.java:52)
at com.microsoft.playwright.impl.ChannelOwner.runUntil(ChannelOwner.java:103)
at com.microsoft.playwright.impl.Connection.sendMessage(Connection.java:105)
at com.microsoft.playwright.impl.ChannelOwner.sendMessage(ChannelOwner.java:94)
at com.microsoft.playwright.impl.FrameImpl.hoverImpl(FrameImpl.java:420)
at com.microsoft.playwright.impl.PageImpl.lambda$hover$33(PageImpl.java:808)
at com.microsoft.playwright.impl.LoggingSupport.lambda$withLogging$0(LoggingSupport.java:36)
at com.microsoft.playwright.impl.LoggingSupport.withLogging(LoggingSupport.java:47)
at com.microsoft.playwright.impl.ChannelOwner.withLogging(ChannelOwner.java:79)
at com.microsoft.playwright.impl.LoggingSupport.withLogging(LoggingSupport.java:35)
at com.microsoft.playwright.impl.PageImpl.hover(PageImpl.java:808)
at com.microsoft.playwright.Page.hover(Page.java:4231)
at com.testing.playwright.PlaywrightInspector.lenskartLogin(PlaywrightInspector.java:117)
at java.base/jdk.internal.reflect.NativeMethodAccessorImpl.invoke0(Native Method)
at java.base/jdk.internal.reflect.NativeMethodAccessorImpl.invoke(NativeMethodAccessorImpl.java:62)
at java.base/jdk.internal.reflect.DelegatingMethodAccessorImpl.invoke(DelegatingMethodAccessorImpl.java:43)
at java.base/java.lang.reflect.Method.invoke(Method.java:567)
at org.testng.internal.MethodInvocationHelper.invokeMethod(MethodInvocationHelper.java:132)
at org.testng.internal.TestInvoker.invokeMethod(TestInvoker.java:599)
at org.testng.internal.TestInvoker.invokeTestMethod(TestInvoker.java:174)
at org.testng.internal.MethodRunner.runInSequence(MethodRunner.java:46)
at org.testng.internal.TestInvoker$MethodInvocationAgent.invoke(TestInvoker.java:822)
at org.testng.internal.TestInvoker.invokeTestMethods(TestInvoker.java:147)
at org.testng.internal.TestMethodWorker.invokeTestMethods(TestMethodWorker.java:146)
at org.testng.internal.TestMethodWorker.run(TestMethodWorker.java:128)
at java.base/java.util.ArrayList.forEach(ArrayList.java:1507)
at org.testng.TestRunner.privateRun(TestRunner.java:764)
at org.testng.TestRunner.run(TestRunner.java:585)
at org.testng.SuiteRunner.runTest(SuiteRunner.java:384)
at org.testng.SuiteRunner.runSequentially(SuiteRunner.java:378)
at org.testng.SuiteRunner.privateRun(SuiteRunner.java:337)
at org.testng.SuiteRunner.run(SuiteRunner.java:286)
at org.testng.SuiteRunnerWorker.runSuite(SuiteRunnerWorker.java:53)
at org.testng.SuiteRunnerWorker.run(SuiteRunnerWorker.java:96)
at org.testng.TestNG.runSuitesSequentially(TestNG.java:1218)
at org.testng.TestNG.runSuitesLocally(TestNG.java:1140)
at org.testng.TestNG.runSuites(TestNG.java:1069)
at org.testng.TestNG.run(TestNG.java:1037)
at org.testng.remote.AbstractRemoteTestNG.run(AbstractRemoteTestNG.java:115)
at org.testng.remote.RemoteTestNG.initAndRun(RemoteTestNG.java:251)
at org.testng.remote.RemoteTestNG.main(RemoteTestNG.java:77)
Caused by: com.microsoft.playwright.TimeoutError: Error {
  message='Timeout 30000ms exceeded.
=========================== logs ===========================
waiting for selector "text=OKAY"
  selector resolved to visible <button class="ok-btn padding-5 fs14 letter-spacing-1 bg…>OKAY</button>
attempting hover action
  waiting for element to be visible and stable
  element is visible and stable
  scrolling into view if needed
  done scrolling
  performing hover action
  <html lang="en-US" data-reactroot="" class=" datauri d…>…</html> intercepts pointer events
retrying hover action, attempt #1
  waiting for element to be visible and stable
  element is visible and stable
  scrolling into view if needed
  done scrolling
  performing hover action
  <html lang="en-US" data-reactroot="" class=" datauri d…>…</html> intercepts pointer events
retrying hover action, attempt #2
  waiting 20ms
  waiting for element to be visible and stable
  element is visible and stable
  scrolling into view if needed
  done scrolling
  performing hover action
  <html lang="en-US" data-reactroot="" class=" datauri d…>…</html> intercepts pointer events
retrying hover action, attempt #3
  waiting 100ms
  waiting for element to be visible and stable
  element is visible and stable
  scrolling into view if needed
  done scrolling
  performing hover action
  <html lang="en-US" data-reactroot="" class=" datauri d…>…</html> intercepts pointer events
retrying hover action, attempt #4
  waiting 100ms
  waiting for element to be visible and stable
  element is visible and stable
  scrolling into view if needed
  done scrolling
  performing hover action
  <html lang="en-US" data-reactroot="" class=" datauri d…>…</html> intercepts pointer events
retrying hover action, attempt #5
  waiting 500ms
  waiting for element to be visible and stable
  element is visible and stable
  scrolling into view if needed
  done scrolling
  performing hover action
  <html lang="en-US" data-reactroot="" class=" datauri d…>…</html> intercepts pointer events
retrying hover action, attempt #6
  waiting 500ms
  waiting for element to be visible and stable
  element is visible and stable
  scrolling into view if needed
  done scrolling
  performing hover action
  <html lang="en-US" data-reactroot="" class=" datauri d…>…</html> intercepts pointer events
retrying hover action, attempt #7
  waiting 500ms
  waiting for element to be visible and stable
  element is visible and stable
  scrolling into view if needed
  done scrolling
  performing hover action
  <html lang="en-US" data-reactroot="" class=" datauri d…>…</html> intercepts pointer events
retrying hover action, attempt #8
  waiting 500ms
  waiting for element to be visible and stable
  element is visible and stable
  scrolling into view if needed
  done scrolling
  performing hover action
  <html lang="en-US" data-reactroot="" class=" datauri d…>…</html> intercepts pointer events
retrying hover action, attempt #9
  waiting 500ms
  waiting for element to be visible and stable
  element is visible and stable
  scrolling into view if needed
  done scrolling
  performing hover action
  <html lang="en-US" data-reactroot="" class=" datauri d…>…</html> intercepts pointer events
retrying hover action, attempt #10
  waiting 500ms
  waiting for element to be visible and stable
  element is visible and stable
  scrolling into view if needed
  done scrolling
  performing hover action
  <html lang="en-US" data-reactroot="" class=" datauri d…>…</html> intercepts pointer events
retrying hover action, attempt #11
  waiting 500ms
  waiting for element to be visible and stable
  element is visible and stable
  scrolling into view if needed
  done scrolling
  performing hover action
  <html lang="en-US" data-reactroot="" class=" datauri d…>…</html> intercepts pointer events
retrying hover action, attempt #12
  waiting 500ms
  waiting for element to be visible and stable
  element is visible and stable
  scrolling into view if needed
  done scrolling
  performing hover action
  <html lang="en-US" data-reactroot="" class=" datauri d…>…</html> intercepts pointer events
retrying hover action, attempt #13
  waiting 500ms
  waiting for element to be visible and stable
  element is visible and stable
  scrolling into view if needed
  done scrolling
  performing hover action
  <html lang="en-US" data-reactroot="" class=" datauri d…>…</html> intercepts pointer events
retrying hover action, attempt #14
  waiting 500ms
  waiting for element to be visible and stable
  element is visible and stable
  scrolling into view if needed
  done scrolling
  performing hover action
  <html lang="en-US" data-reactroot="" class=" datauri d…>…</html> intercepts pointer events
retrying hover action, attempt #15
  waiting 500ms
  waiting for element to be visible and stable
  element is visible and stable
  scrolling into view if needed
  done scrolling
  performing hover action
  <html lang="en-US" data-reactroot="" class=" datauri d…>…</html> intercepts pointer events
retrying hover action, attempt #16
  waiting 500ms
  waiting for element to be visible and stable
  element is visible and stable
  scrolling into view if needed
  done scrolling
  performing hover action
  <html lang="en-US" data-reactroot="" class=" datauri d…>…</html> intercepts pointer events
retrying hover action, attempt #17
  waiting 500ms
  waiting for element to be visible and stable
  element is visible and stable
  scrolling into view if needed
  done scrolling
  performing hover action
  <html lang="en-US" data-reactroot="" class=" datauri d…>…</html> intercepts pointer events
retrying hover action, attempt #18
  waiting 500ms
  waiting for element to be visible and stable
  element is visible and stable
  scrolling into view if needed
  done scrolling
  performing hover action
  <html lang="en-US" data-reactroot="" class=" datauri d…>…</html> intercepts pointer events
retrying hover action, attempt #19
  waiting 500ms
  waiting for element to be visible and stable
  element is visible and stable
  scrolling into view if needed
  done scrolling
  performing hover action
  <html lang="en-US" data-reactroot="" class=" datauri d…>…</html> intercepts pointer events
retrying hover action, attempt #20
  waiting 500ms
  waiting for element to be visible and stable
  element is visible and stable
  scrolling into view if needed
  done scrolling
  performing hover action
  <html lang="en-US" data-reactroot="" class=" datauri d…>…</html> intercepts pointer events
retrying hover action, attempt #21
  waiting 500ms
  waiting for element to be visible and stable
  element is visible and stable
  scrolling into view if needed
  done scrolling
  performing hover action
  <html lang="en-US" data-reactroot="" class=" datauri d…>…</html> intercepts pointer events
retrying hover action, attempt #22
  waiting 500ms
  waiting for element to be visible and stable
  element is visible and stable
  scrolling into view if needed
  done scrolling
  performing hover action
  <html lang="en-US" data-reactroot="" class=" datauri d…>…</html> intercepts pointer events
retrying hover action, attempt #23
  waiting 500ms
  waiting for element to be visible and stable
  element is visible and stable
  scrolling into view if needed
  done scrolling
  performing hover action
  <html lang="en-US" data-reactroot="" class=" datauri d…>…</html> intercepts pointer events
retrying hover action, attempt #24
  waiting 500ms
  waiting for element to be visible and stable
  element is visible and stable
  scrolling into view if needed
  done scrolling
  performing hover action
  <html lang="en-US" data-reactroot="" class=" datauri d…>…</html> intercepts pointer events
retrying hover action, attempt #25
  waiting 500ms
  waiting for element to be visible and stable
  element is visible and stable
  scrolling into view if needed
  done scrolling
  performing hover action
  <html lang="en-US" data-reactroot="" class=" datauri d…>…</html> intercepts pointer events
retrying hover action, attempt #26
  waiting 500ms
  waiting for element to be visible and stable
  element is visible and stable
  scrolling into view if needed
  done scrolling
  performing hover action
  <html lang="en-US" data-reactroot="" class=" datauri d…>…</html> intercepts pointer events
retrying hover action, attempt #27
  waiting 500ms
  waiting for element to be visible and stable
  element is visible and stable
  scrolling into view if needed
  done scrolling
  performing hover action
  <html lang="en-US" data-reactroot="" class=" datauri d…>…</html> intercepts pointer events
retrying hover action, attempt #28
  waiting 500ms
  waiting for element to be visible and stable
  element is visible and stable
  scrolling into view if needed
  done scrolling
  performing hover action
  <html lang="en-US" data-reactroot="" class=" datauri d…>…</html> intercepts pointer events
retrying hover action, attempt #29
  waiting 500ms
  waiting for element to be visible and stable
  element is visible and stable
  scrolling into view if needed
  done scrolling
  performing hover action
  <html lang="en-US" data-reactroot="" class=" datauri d…>…</html> intercepts pointer events
retrying hover action, attempt #30
  waiting 500ms
  waiting for element to be visible and stable
  element is visible and stable
  scrolling into view if needed
  done scrolling
  performing hover action
  <html lang="en-US" data-reactroot="" class=" datauri d…>…</html> intercepts pointer events
retrying hover action, attempt #31
  waiting 500ms
  waiting for element to be visible and stable
  element is visible and stable
  scrolling into view if needed
  done scrolling
  performing hover action
  <html lang="en-US" data-reactroot="" class=" datauri d…>…</html> intercepts pointer events
retrying hover action, attempt #32
  waiting 500ms
  waiting for element to be visible and stable
  element is visible and stable
  scrolling into view if needed
  done scrolling
  performing hover action
  <html lang="en-US" data-reactroot="" class=" datauri d…>…</html> intercepts pointer events
retrying hover action, attempt #33
  waiting 500ms
  waiting for element to be visible and stable
  element is visible and stable
  scrolling into view if needed
  done scrolling
  performing hover action
  <html lang="en-US" data-reactroot="" class=" datauri d…>…</html> intercepts pointer events
retrying hover action, attempt #34
  waiting 500ms
  waiting for element to be visible and stable
  element is visible and stable
  scrolling into view if needed
  done scrolling
  performing hover action
  <html lang="en-US" data-reactroot="" class=" datauri d…>…</html> intercepts pointer events
retrying hover action, attempt #35
  waiting 500ms
  waiting for element to be visible and stable
  element is visible and stable
  scrolling into view if needed
  done scrolling
  performing hover action
  <html lang="en-US" data-reactroot="" class=" datauri d…>…</html> intercepts pointer events
retrying hover action, attempt #36
  waiting 500ms
  waiting for element to be visible and stable
  element is visible and stable
  scrolling into view if needed
  done scrolling
  performing hover action
  <html lang="en-US" data-reactroot="" class=" datauri d…>…</html> intercepts pointer events
retrying hover action, attempt #37
  waiting 500ms
  waiting for element to be visible and stable
  element is visible and stable
  scrolling into view if needed
  done scrolling
  performing hover action
  <html lang="en-US" data-reactroot="" class=" datauri d…>…</html> intercepts pointer events
retrying hover action, attempt #38
  waiting 500ms
  waiting for element to be visible and stable
  element is visible and stable
  scrolling into view if needed
  done scrolling
  performing hover action
  <html lang="en-US" data-reactroot="" class=" datauri d…>…</html> intercepts pointer events
retrying hover action, attempt #39
  waiting 500ms
  waiting for element to be visible and stable
  element is visible and stable
  scrolling into view if needed
  done scrolling
  performing hover action
  <html lang="en-US" data-reactroot="" class=" datauri d…>…</html> intercepts pointer events
retrying hover action, attempt #40
  waiting 500ms
  waiting for element to be visible and stable
  element is visible and stable
  scrolling into view if needed
  done scrolling
  performing hover action
  <html lang="en-US" data-reactroot="" class=" datauri d…>…</html> intercepts pointer events
retrying hover action, attempt #41
  waiting 500ms
  waiting for element to be visible and stable
  element is visible and stable
  scrolling into view if needed
  done scrolling
  performing hover action
  <html lang="en-US" data-reactroot="" class=" datauri d…>…</html> intercepts pointer events
retrying hover action, attempt #42
  waiting 500ms
  waiting for element to be visible and stable
  element is visible and stable
  scrolling into view if needed
  done scrolling
  performing hover action
  <html lang="en-US" data-reactroot="" class=" datauri d…>…</html> intercepts pointer events
retrying hover action, attempt #43
  waiting 500ms
  waiting for element to be visible and stable
  element is visible and stable
  scrolling into view if needed
  done scrolling
  performing hover action
  <html lang="en-US" data-reactroot="" class=" datauri d…>…</html> intercepts pointer events
retrying hover action, attempt #44
  waiting 500ms
  waiting for element to be visible and stable
  element is visible and stable
  scrolling into view if needed
  done scrolling
  performing hover action
  <html lang="en-US" data-reactroot="" class=" datauri d…>…</html> intercepts pointer events
retrying hover action, attempt #45
  waiting 500ms
============================================================
  name='TimeoutError
  stack='TimeoutError: Timeout 30000ms exceeded.
=========================== logs ===========================
waiting for selector "text=OKAY"
  selector resolved to visible <button class="ok-btn padding-5 fs14 letter-spacing-1 bg…>OKAY</button>
attempting hover action
  waiting for element to be visible and stable
  element is visible and stable
  scrolling into view if needed
  done scrolling
  performing hover action
  <html lang="en-US" data-reactroot="" class=" datauri d…>…</html> intercepts pointer events
retrying hover action, attempt #1
  waiting for element to be visible and stable
  element is visible and stable
  scrolling into view if needed
  done scrolling
  performing hover action
  <html lang="en-US" data-reactroot="" class=" datauri d…>…</html> intercepts pointer events
retrying hover action, attempt #2
  waiting 20ms
  waiting for element to be visible and stable
  element is visible and stable
  scrolling into view if needed
  done scrolling
  performing hover action
  <html lang="en-US" data-reactroot="" class=" datauri d…>…</html> intercepts pointer events
retrying hover action, attempt #3
  waiting 100ms
  waiting for element to be visible and stable
  element is visible and stable
  scrolling into view if needed
  done scrolling
  performing hover action
  <html lang="en-US" data-reactroot="" class=" datauri d…>…</html> intercepts pointer events
retrying hover action, attempt #4
  waiting 100ms
  waiting for element to be visible and stable
  element is visible and stable
  scrolling into view if needed
  done scrolling
  performing hover action
  <html lang="en-US" data-reactroot="" class=" datauri d…>…</html> intercepts pointer events
retrying hover action, attempt #5
  waiting 500ms
  waiting for element to be visible and stable
  element is visible and stable
  scrolling into view if needed
  done scrolling
  performing hover action
  <html lang="en-US" data-reactroot="" class=" datauri d…>…</html> intercepts pointer events
retrying hover action, attempt #6
  waiting 500ms
  waiting for element to be visible and stable
  element is visible and stable
  scrolling into view if needed
  done scrolling
  performing hover action
  <html lang="en-US" data-reactroot="" class=" datauri d…>…</html> intercepts pointer events
retrying hover action, attempt #7
  waiting 500ms
  waiting for element to be visible and stable
  element is visible and stable
  scrolling into view if needed
  done scrolling
  performing hover action
  <html lang="en-US" data-reactroot="" class=" datauri d…>…</html> intercepts pointer events
retrying hover action, attempt #8
  waiting 500ms
  waiting for element to be visible and stable
  element is visible and stable
  scrolling into view if needed
  done scrolling
  performing hover action
  <html lang="en-US" data-reactroot="" class=" datauri d…>…</html> intercepts pointer events
retrying hover action, attempt #9
  waiting 500ms
  waiting for element to be visible and stable
  element is visible and stable
  scrolling into view if needed
  done scrolling
  performing hover action
  <html lang="en-US" data-reactroot="" class=" datauri d…>…</html> intercepts pointer events
retrying hover action, attempt #10
  waiting 500ms
  waiting for element to be visible and stable
  element is visible and stable
  scrolling into view if needed
  done scrolling
  performing hover action
  <html lang="en-US" data-reactroot="" class=" datauri d…>…</html> intercepts pointer events
retrying hover action, attempt #11
  waiting 500ms
  waiting for element to be visible and stable
  element is visible and stable
  scrolling into view if needed
  done scrolling
  performing hover action
  <html lang="en-US" data-reactroot="" class=" datauri d…>…</html> intercepts pointer events
retrying hover action, attempt #12
  waiting 500ms
  waiting for element to be visible and stable
  element is visible and stable
  scrolling into view if needed
  done scrolling
  performing hover action
  <html lang="en-US" data-reactroot="" class=" datauri d…>…</html> intercepts pointer events
retrying hover action, attempt #13
  waiting 500ms
  waiting for element to be visible and stable
  element is visible and stable
  scrolling into view if needed
  done scrolling
  performing hover action
  <html lang="en-US" data-reactroot="" class=" datauri d…>…</html> intercepts pointer events
retrying hover action, attempt #14
  waiting 500ms
  waiting for element to be visible and stable
  element is visible and stable
  scrolling into view if needed
  done scrolling
  performing hover action
  <html lang="en-US" data-reactroot="" class=" datauri d…>…</html> intercepts pointer events
retrying hover action, attempt #15
  waiting 500ms
  waiting for element to be visible and stable
  element is visible and stable
  scrolling into view if needed
  done scrolling
  performing hover action
  <html lang="en-US" data-reactroot="" class=" datauri d…>…</html> intercepts pointer events
retrying hover action, attempt #16
  waiting 500ms
  waiting for element to be visible and stable
  element is visible and stable
  scrolling into view if needed
  done scrolling
  performing hover action
  <html lang="en-US" data-reactroot="" class=" datauri d…>…</html> intercepts pointer events
retrying hover action, attempt #17
  waiting 500ms
  waiting for element to be visible and stable
  element is visible and stable
  scrolling into view if needed
  done scrolling
  performing hover action
  <html lang="en-US" data-reactroot="" class=" datauri d…>…</html> intercepts pointer events
retrying hover action, attempt #18
  waiting 500ms
  waiting for element to be visible and stable
  element is visible and stable
  scrolling into view if needed
  done scrolling
  performing hover action
  <html lang="en-US" data-reactroot="" class=" datauri d…>…</html> intercepts pointer events
retrying hover action, attempt #19
  waiting 500ms
  waiting for element to be visible and stable
  element is visible and stable
  scrolling into view if needed
  done scrolling
  performing hover action
  <html lang="en-US" data-reactroot="" class=" datauri d…>…</html> intercepts pointer events
retrying hover action, attempt #20
  waiting 500ms
  waiting for element to be visible and stable
  element is visible and stable
  scrolling into view if needed
  done scrolling
  performing hover action
  <html lang="en-US" data-reactroot="" class=" datauri d…>…</html> intercepts pointer events
retrying hover action, attempt #21
  waiting 500ms
  waiting for element to be visible and stable
  element is visible and stable
  scrolling into view if needed
  done scrolling
  performing hover action
  <html lang="en-US" data-reactroot="" class=" datauri d…>…</html> intercepts pointer events
retrying hover action, attempt #22
  waiting 500ms
  waiting for element to be visible and stable
  element is visible and stable
  scrolling into view if needed
  done scrolling
  performing hover action
  <html lang="en-US" data-reactroot="" class=" datauri d…>…</html> intercepts pointer events
retrying hover action, attempt #23
  waiting 500ms
  waiting for element to be visible and stable
  element is visible and stable
  scrolling into view if needed
  done scrolling
  performing hover action
  <html lang="en-US" data-reactroot="" class=" datauri d…>…</html> intercepts pointer events
retrying hover action, attempt #24
  waiting 500ms
  waiting for element to be visible and stable
  element is visible and stable
  scrolling into view if needed
  done scrolling
  performing hover action
  <html lang="en-US" data-reactroot="" class=" datauri d…>…</html> intercepts pointer events
retrying hover action, attempt #25
  waiting 500ms
  waiting for element to be visible and stable
  element is visible and stable
  scrolling into view if needed
  done scrolling
  performing hover action
  <html lang="en-US" data-reactroot="" class=" datauri d…>…</html> intercepts pointer events
retrying hover action, attempt #26
  waiting 500ms
  waiting for element to be visible and stable
  element is visible and stable
  scrolling into view if needed
  done scrolling
  performing hover action
  <html lang="en-US" data-reactroot="" class=" datauri d…>…</html> intercepts pointer events
retrying hover action, attempt #27
  waiting 500ms
  waiting for element to be visible and stable
  element is visible and stable
  scrolling into view if needed
  done scrolling
  performing hover action
  <html lang="en-US" data-reactroot="" class=" datauri d…>…</html> intercepts pointer events
retrying hover action, attempt #28
  waiting 500ms
  waiting for element to be visible and stable
  element is visible and stable
  scrolling into view if needed
  done scrolling
  performing hover action
  <html lang="en-US" data-reactroot="" class=" datauri d…>…</html> intercepts pointer events
retrying hover action, attempt #29
  waiting 500ms
  waiting for element to be visible and stable
  element is visible and stable
  scrolling into view if needed
  done scrolling
  performing hover action
  <html lang="en-US" data-reactroot="" class=" datauri d…>…</html> intercepts pointer events
retrying hover action, attempt #30
  waiting 500ms
  waiting for element to be visible and stable
  element is visible and stable
  scrolling into view if needed
  done scrolling
  performing hover action
  <html lang="en-US" data-reactroot="" class=" datauri d…>…</html> intercepts pointer events
retrying hover action, attempt #31
  waiting 500ms
  waiting for element to be visible and stable
  element is visible and stable
  scrolling into view if needed
  done scrolling
  performing hover action
  <html lang="en-US" data-reactroot="" class=" datauri d…>…</html> intercepts pointer events
retrying hover action, attempt #32
  waiting 500ms
  waiting for element to be visible and stable
  element is visible and stable
  scrolling into view if needed
  done scrolling
  performing hover action
  <html lang="en-US" data-reactroot="" class=" datauri d…>…</html> intercepts pointer events
retrying hover action, attempt #33
  waiting 500ms
  waiting for element to be visible and stable
  element is visible and stable
  scrolling into view if needed
  done scrolling
  performing hover action
  <html lang="en-US" data-reactroot="" class=" datauri d…>…</html> intercepts pointer events
retrying hover action, attempt #34
  waiting 500ms
  waiting for element to be visible and stable
  element is visible and stable
  scrolling into view if needed
  done scrolling
  performing hover action
  <html lang="en-US" data-reactroot="" class=" datauri d…>…</html> intercepts pointer events
retrying hover action, attempt #35
  waiting 500ms
  waiting for element to be visible and stable
  element is visible and stable
  scrolling into view if needed
  done scrolling
  performing hover action
  <html lang="en-US" data-reactroot="" class=" datauri d…>…</html> intercepts pointer events
retrying hover action, attempt #36
  waiting 500ms
  waiting for element to be visible and stable
  element is visible and stable
  scrolling into view if needed
  done scrolling
  performing hover action
  <html lang="en-US" data-reactroot="" class=" datauri d…>…</html> intercepts pointer events
retrying hover action, attempt #37
  waiting 500ms
  waiting for element to be visible and stable
  element is visible and stable
  scrolling into view if needed
  done scrolling
  performing hover action
  <html lang="en-US" data-reactroot="" class=" datauri d…>…</html> intercepts pointer events
retrying hover action, attempt #38
  waiting 500ms
  waiting for element to be visible and stable
  element is visible and stable
  scrolling into view if needed
  done scrolling
  performing hover action
  <html lang="en-US" data-reactroot="" class=" datauri d…>…</html> intercepts pointer events
retrying hover action, attempt #39
  waiting 500ms
  waiting for element to be visible and stable
  element is visible and stable
  scrolling into view if needed
  done scrolling
  performing hover action
  <html lang="en-US" data-reactroot="" class=" datauri d…>…</html> intercepts pointer events
retrying hover action, attempt #40
  waiting 500ms
  waiting for element to be visible and stable
  element is visible and stable
  scrolling into view if needed
  done scrolling
  performing hover action
  <html lang="en-US" data-reactroot="" class=" datauri d…>…</html> intercepts pointer events
retrying hover action, attempt #41
  waiting 500ms
  waiting for element to be visible and stable
  element is visible and stable
  scrolling into view if needed
  done scrolling
  performing hover action
  <html lang="en-US" data-reactroot="" class=" datauri d…>…</html> intercepts pointer events
retrying hover action, attempt #42
  waiting 500ms
  waiting for element to be visible and stable
  element is visible and stable
  scrolling into view if needed
  done scrolling
  performing hover action
  <html lang="en-US" data-reactroot="" class=" datauri d…>…</html> intercepts pointer events
retrying hover action, attempt #43
  waiting 500ms
  waiting for element to be visible and stable
  element is visible and stable
  scrolling into view if needed
  done scrolling
  performing hover action
  <html lang="en-US" data-reactroot="" class=" datauri d…>…</html> intercepts pointer events
retrying hover action, attempt #44
  waiting 500ms
  waiting for element to be visible and stable
  element is visible and stable
  scrolling into view if needed
  done scrolling
  performing hover action
  <html lang="en-US" data-reactroot="" class=" datauri d…>…</html> intercepts pointer events
retrying hover action, attempt #45
  waiting 500ms
============================================================
    at ProgressController.run (C:\Users\Lenskart\AppData\Local\Temp\playwright-java-15046438277596803118\package\lib\server\progress.js:96:26)
    at Frame.hover (C:\Users\Lenskart\AppData\Local\Temp\playwright-java-15046438277596803118\package\lib\server\frames.js:1263:23)
    at FrameDispatcher.hover (C:\Users\Lenskart\AppData\Local\Temp\playwright-java-15046438277596803118\package\lib\dispatchers\frameDispatcher.js:259:30)
    at DispatcherConnection.dispatch (C:\Users\Lenskart\AppData\Local\Temp\playwright-java-15046438277596803118\package\lib\dispatchers\dispatcher.js:352:46)
}
at com.microsoft.playwright.impl.Connection.dispatch(Connection.java:181)
at com.microsoft.playwright.impl.Connection.processOneMessage(Connection.java:163)
at com.microsoft.playwright.impl.ChannelOwner.runUntil(ChannelOwner.java:101)
... 39 more
]]>
    </error>
  </testcase> <!-- lenskartLogin -->
  <system-out/>
</testsuite> <!-- com.testing.playwright.PlaywrightInspector -->
