<?xml version="1.0" encoding="UTF-8"?>
<!-- Generated by org.testng.reporters.JUnitReportReporter -->
<testsuite skipped="0" hostname="DESKTOP-A71PO2S" name="com.lenskart.utils.Fetch" tests="6" failures="0" timestamp="24 Feb 2021 11:45:18 GMT" time="0.010" errors="0">
  <testcase name="test3" time="0.001" classname="com.lenskart.utils.Fetch"/>
  <testcase name="test3" time="0.001" classname="com.lenskart.utils.Fetch"/>
  <testcase name="test3" time="0.001" classname="com.lenskart.utils.Fetch"/>
  <testcase name="test3" time="0.007" classname="com.lenskart.utils.Fetch"/>
  <testcase name="test3" time="0.000" classname="com.lenskart.utils.Fetch"/>
  <testcase name="test3" time="0.000" classname="com.lenskart.utils.Fetch"/>
</testsuite> <!-- com.lenskart.utils.Fetch -->
