<?xml version="1.0" encoding="UTF-8"?>
<!-- Generated by org.testng.reporters.JUnitReportReporter -->
<testsuite hostname="DESKTOP-A71PO2S" failures="0" tests="1" name="com.lenskart.TestNgPractice.DataSupplierTest" time="0.000" errors="0" timestamp="2022-03-09T10:44:38 IST" skipped="1">
  <testcase classname="com.lenskart.TestNgPractice.DataSupplierTest" name="testdatasupplier" time="0.000">
    <skipped/>
  </testcase> <!-- testdatasupplier -->
  <system-out/>
</testsuite> <!-- com.lenskart.TestNgPractice.DataSupplierTest -->
