<?xml version="1.0" encoding="UTF-8"?>
<!-- Generated by org.testng.reporters.JUnitReportReporter -->
<testsuite hostname="DESKTOP-A71PO2S" failures="0" tests="1" name="com.lenskart.desktop.Demo" time="0.009" errors="0" timestamp="2022-04-05T11:14:53 IST" skipped="0">
  <testcase classname="com.lenskart.desktop.Demo" name="callup" time="0.009"/>
  <system-out/>
</testsuite> <!-- com.lenskart.desktop.Demo -->
