<?xml version="1.0" encoding="UTF-8"?>
<!-- Generated by org.testng.reporters.JUnitReportReporter -->
<testsuite hostname="DESKTOP-A71PO2S" failures="0" tests="1" name="com.testing.playwright.ShadowDomElement" time="39.344" errors="0" timestamp="2022-04-23T18:05:36 IST" skipped="0">
  <testcase classname="com.testing.playwright.ShadowDomElement" name="iframeShadowDom" time="39.344"/>
  <system-out/>
</testsuite> <!-- com.testing.playwright.ShadowDomElement -->
