<?xml version="1.0" encoding="UTF-8"?>
<!-- Generated by org.testng.reporters.JUnitReportReporter -->
<testsuite skipped="0" hostname="DESKTOP-A71PO2S" name="com.vsm.OrderCancellation" tests="1" failures="0" timestamp="21 Sep 2021 12:47:49 GMT" time="13.932" errors="0">
  <testcase name="login" time="13.932" classname="com.vsm.OrderCancellation"/>
</testsuite> <!-- com.vsm.OrderCancellation -->
