<?xml version="1.0" encoding="UTF-8"?>
<!-- Generated by org.testng.reporters.JUnitReportReporter -->
<testsuite hostname="DESKTOP-A71PO2S" failures="0" tests="1" name="com.selenide.practice.SelenideTest" time="37.664" errors="0" timestamp="2022-04-01T11:17:46 IST" skipped="0">
  <testcase classname="com.selenide.practice.SelenideTest" name="LenskartTest" time="37.664"/>
  <system-out/>
</testsuite> <!-- com.selenide.practice.SelenideTest -->
