<?xml version="1.0" encoding="UTF-8"?>
<!-- Generated by org.testng.reporters.JUnitReportReporter -->
<testsuite skipped="0" hostname="DESKTOP-A71PO2S" name="com.lenskart.attendenceTest.TestWebDriver" tests="1" failures="0" timestamp="05 Jan 2021 06:25:44 GMT" time="44.256" errors="0">
  <testcase name="demoWebDriver" time="44.256" classname="com.lenskart.attendenceTest.TestWebDriver"/>
</testsuite> <!-- com.lenskart.attendenceTest.TestWebDriver -->
