<?xml version="1.0" encoding="UTF-8"?>
<!-- Generated by org.testng.reporters.JUnitReportReporter -->
<testsuite skipped="0" hostname="DESKTOP-A71PO2S" name="com.lenskart.utils.GetSheetData" tests="1" failures="0" timestamp="21 Oct 2020 10:05:59 GMT" time="42.664" errors="0">
  <testcase name="getData" time="42.664" classname="com.lenskart.utils.GetSheetData"/>
</testsuite> <!-- com.lenskart.utils.GetSheetData -->
