<?xml version="1.0" encoding="UTF-8"?>
<!-- Generated by org.testng.reporters.JUnitReportReporter -->
<testsuite skipped="0" hostname="DESKTOP-A71PO2S" name="com.lenskart.TestNgPractice.TestNGDataProvider" tests="2" failures="0" timestamp="08 Feb 2021 10:45:08 GMT" time="0.009" errors="0">
  <testcase name="showData2" time="0.004" classname="com.lenskart.TestNgPractice.TestNGDataProvider"/>
  <testcase name="showData2" time="0.005" classname="com.lenskart.TestNgPractice.TestNGDataProvider"/>
</testsuite> <!-- com.lenskart.TestNgPractice.TestNGDataProvider -->
