<?xml version="1.0" encoding="UTF-8"?>
<!-- Generated by org.testng.reporters.JUnitReportReporter -->
<testsuite hostname="DESKTOP-A71PO2S" failures="0" tests="1" name="com.testing.playwright.PlaywrightBasics" time="39.627" errors="1" timestamp="2022-04-02T19:05:34 IST" skipped="0">
  <testcase classname="com.testing.playwright.PlaywrightBasics" name="openChromeBrowser" time="39.627">
    <error message="Error {
  message=&#039;Timeout 30000ms exceeded.
=========================== logs ===========================
navigating to &quot;https://www.lenskart.com/&quot;, waiting until &quot;load&quot;
============================================================
  name=&#039;TimeoutError
  stack=&#039;TimeoutError: Timeout 30000ms exceeded.
=========================== logs ===========================
navigating to &quot;https://www.lenskart.com/&quot;, waiting until &quot;load&quot;
============================================================
    at ProgressController.run (C:\Users\Lenskart\AppData\Local\Temp\playwright-java-9698421145113679123\package\lib\server\progress.js:96:26)
    at Frame.goto (C:\Users\Lenskart\AppData\Local\Temp\playwright-java-9698421145113679123\package\lib\server\frames.js:628:23)
    at FrameDispatcher.goto (C:\Users\Lenskart\AppData\Local\Temp\playwright-java-9698421145113679123\package\lib\dispatchers\frameDispatcher.js:80:77)
    at DispatcherConnection.dispatch (C:\Users\Lenskart\AppData\Local\Temp\playwright-java-9698421145113679123\package\lib\dispatchers\dispatcher.js:352:46)
}" type="com.microsoft.playwright.TimeoutError">
      <![CDATA[com.microsoft.playwright.TimeoutError: Error {
  message='Timeout 30000ms exceeded.
=========================== logs ===========================
navigating to "https://www.lenskart.com/", waiting until "load"
============================================================
  name='TimeoutError
  stack='TimeoutError: Timeout 30000ms exceeded.
=========================== logs ===========================
navigating to "https://www.lenskart.com/", waiting until "load"
============================================================
    at ProgressController.run (C:\Users\Lenskart\AppData\Local\Temp\playwright-java-9698421145113679123\package\lib\server\progress.js:96:26)
    at Frame.goto (C:\Users\Lenskart\AppData\Local\Temp\playwright-java-9698421145113679123\package\lib\server\frames.js:628:23)
    at FrameDispatcher.goto (C:\Users\Lenskart\AppData\Local\Temp\playwright-java-9698421145113679123\package\lib\dispatchers\frameDispatcher.js:80:77)
    at DispatcherConnection.dispatch (C:\Users\Lenskart\AppData\Local\Temp\playwright-java-9698421145113679123\package\lib\dispatchers\dispatcher.js:352:46)
}
at com.microsoft.playwright.impl.WaitableResult.get(WaitableResult.java:52)
at com.microsoft.playwright.impl.ChannelOwner.runUntil(ChannelOwner.java:103)
at com.microsoft.playwright.impl.Connection.sendMessage(Connection.java:105)
at com.microsoft.playwright.impl.ChannelOwner.sendMessage(ChannelOwner.java:94)
at com.microsoft.playwright.impl.FrameImpl.navigateImpl(FrameImpl.java:401)
at com.microsoft.playwright.impl.PageImpl.lambda$navigate$32(PageImpl.java:803)
at com.microsoft.playwright.impl.LoggingSupport.withLogging(LoggingSupport.java:47)
at com.microsoft.playwright.impl.ChannelOwner.withLogging(ChannelOwner.java:79)
at com.microsoft.playwright.impl.PageImpl.navigate(PageImpl.java:803)
at com.microsoft.playwright.impl.PageImpl.navigate(PageImpl.java:41)
at com.microsoft.playwright.Page.navigate(Page.java:4179)
at com.testing.playwright.PlaywrightBasics.openChromeBrowser(PlaywrightBasics.java:24)
at java.base/jdk.internal.reflect.NativeMethodAccessorImpl.invoke0(Native Method)
at java.base/jdk.internal.reflect.NativeMethodAccessorImpl.invoke(NativeMethodAccessorImpl.java:62)
at java.base/jdk.internal.reflect.DelegatingMethodAccessorImpl.invoke(DelegatingMethodAccessorImpl.java:43)
at java.base/java.lang.reflect.Method.invoke(Method.java:567)
at org.testng.internal.MethodInvocationHelper.invokeMethod(MethodInvocationHelper.java:132)
at org.testng.internal.TestInvoker.invokeMethod(TestInvoker.java:599)
at org.testng.internal.TestInvoker.invokeTestMethod(TestInvoker.java:174)
at org.testng.internal.MethodRunner.runInSequence(MethodRunner.java:46)
at org.testng.internal.TestInvoker$MethodInvocationAgent.invoke(TestInvoker.java:822)
at org.testng.internal.TestInvoker.invokeTestMethods(TestInvoker.java:147)
at org.testng.internal.TestMethodWorker.invokeTestMethods(TestMethodWorker.java:146)
at org.testng.internal.TestMethodWorker.run(TestMethodWorker.java:128)
at java.base/java.util.ArrayList.forEach(ArrayList.java:1507)
at org.testng.TestRunner.privateRun(TestRunner.java:764)
at org.testng.TestRunner.run(TestRunner.java:585)
at org.testng.SuiteRunner.runTest(SuiteRunner.java:384)
at org.testng.SuiteRunner.runSequentially(SuiteRunner.java:378)
at org.testng.SuiteRunner.privateRun(SuiteRunner.java:337)
at org.testng.SuiteRunner.run(SuiteRunner.java:286)
at org.testng.SuiteRunnerWorker.runSuite(SuiteRunnerWorker.java:53)
at org.testng.SuiteRunnerWorker.run(SuiteRunnerWorker.java:96)
at org.testng.TestNG.runSuitesSequentially(TestNG.java:1218)
at org.testng.TestNG.runSuitesLocally(TestNG.java:1140)
at org.testng.TestNG.runSuites(TestNG.java:1069)
at org.testng.TestNG.run(TestNG.java:1037)
at org.testng.remote.AbstractRemoteTestNG.run(AbstractRemoteTestNG.java:115)
at org.testng.remote.RemoteTestNG.initAndRun(RemoteTestNG.java:251)
at org.testng.remote.RemoteTestNG.main(RemoteTestNG.java:77)
Caused by: com.microsoft.playwright.TimeoutError: Error {
  message='Timeout 30000ms exceeded.
=========================== logs ===========================
navigating to "https://www.lenskart.com/", waiting until "load"
============================================================
  name='TimeoutError
  stack='TimeoutError: Timeout 30000ms exceeded.
=========================== logs ===========================
navigating to "https://www.lenskart.com/", waiting until "load"
============================================================
    at ProgressController.run (C:\Users\Lenskart\AppData\Local\Temp\playwright-java-9698421145113679123\package\lib\server\progress.js:96:26)
    at Frame.goto (C:\Users\Lenskart\AppData\Local\Temp\playwright-java-9698421145113679123\package\lib\server\frames.js:628:23)
    at FrameDispatcher.goto (C:\Users\Lenskart\AppData\Local\Temp\playwright-java-9698421145113679123\package\lib\dispatchers\frameDispatcher.js:80:77)
    at DispatcherConnection.dispatch (C:\Users\Lenskart\AppData\Local\Temp\playwright-java-9698421145113679123\package\lib\dispatchers\dispatcher.js:352:46)
}
at com.microsoft.playwright.impl.Connection.dispatch(Connection.java:181)
at com.microsoft.playwright.impl.Connection.processOneMessage(Connection.java:163)
at com.microsoft.playwright.impl.ChannelOwner.runUntil(ChannelOwner.java:101)
... 38 more
]]>
    </error>
  </testcase> <!-- openChromeBrowser -->
  <system-out/>
</testsuite> <!-- com.testing.playwright.PlaywrightBasics -->
