<?xml version="1.0" encoding="UTF-8"?>
<!-- Generated by org.testng.reporters.JUnitReportReporter -->
<testsuite skipped="0" hostname="DESKTOP-A71PO2S" name="com.testing.playwright.DemoTest" tests="1" failures="0" timestamp="2022-03-05T22:35:43 IST" time="1.194" errors="0">
  <testcase name="testApi" time="1.194" classname="com.testing.playwright.DemoTest"/>
  <system-out/>
</testsuite> <!-- com.testing.playwright.DemoTest -->
