<?xml version="1.0" encoding="UTF-8"?>
<!-- Generated by org.testng.reporters.JUnitReportReporter -->
<testsuite hostname="DESKTOP-A71PO2S" failures="0" tests="1" name="com.testing.playwright.FrameHandle" time="35.378" errors="0" timestamp="2022-04-23T17:47:08 IST" skipped="0">
  <testcase classname="com.testing.playwright.FrameHandle" name="iframeHandle" time="35.378"/>
  <system-out/>
</testsuite> <!-- com.testing.playwright.FrameHandle -->
